<?xml version="1.0" encoding="UTF-8"?>
<!-- Generated by org.testng.reporters.JUnitReportReporter -->
<testsuite hostname="ankitpawars-MBP.home" failures="0" tests="1" name="com.api.tests.LoginAPITest2" time="1.125" errors="0" timestamp="2025-03-19T18:31:49 CET" skipped="0">
  <testcase classname="com.api.tests.LoginAPITest2" name="loginTest" time="1.125"/>
</testsuite> <!-- com.api.tests.LoginAPITest2 -->
