<?xml version="1.0" encoding="UTF-8"?>
<!-- Generated by org.testng.reporters.JUnitReportReporter -->
<testsuite hostname="ankitpawars-MBP.home" failures="0" tests="1" name="com.api.tests.LoginAPITest1" time="0.947" errors="0" timestamp="2025-03-19T22:03:40 CET" skipped="0">
  <testcase classname="com.api.tests.LoginAPITest1" name="loginTest" time="0.947"/>
</testsuite> <!-- com.api.tests.LoginAPITest1 -->
