<?xml version="1.0" encoding="UTF-8"?>
<!-- Generated by org.testng.reporters.JUnitReportReporter -->
<testsuite hostname="ankitpawars-MBP.home" failures="0" tests="1" name="com.api.tests.LoginAPITest" time="3.782" errors="0" timestamp="2025-03-19T17:09:32 CET" skipped="0">
  <testcase classname="com.api.tests.LoginAPITest" name="loginTest" time="3.782"/>
</testsuite> <!-- com.api.tests.LoginAPITest -->
